Using pre-set license
Built from '2020.3/staging' branch; Version is '2020.3.16f1 (049d6eca3c44) revision 302446'; Using compiler version '192528614'; Build Type 'Release'
OS: 'Windows 10 Education; OS build 19043.1237; Version 2009; 64bit' Language: 'en' Physical Memory: 16221 MB
BatchMode: 1, IsHumanControllingUs: 0, StartBugReporterOnCrash: 0, Is64bit: 1, IsPro: 0

 COMMAND LINE ARGUMENTS:
C:\Program Files\Unity\Hub\Editor\2020.3.16f1\Editor\Unity.exe
-adb2
-batchMode
-noUpm
-name
AssetImportWorker0
-projectPath
C:/Users/vivienne.koh/repo/JungleJim/JungleJim
-logFile
Logs/AssetImportWorker0.log
-srvPort
52871
Successfully changed project path to: C:/Users/vivienne.koh/repo/JungleJim/JungleJim
C:/Users/vivienne.koh/repo/JungleJim/JungleJim
Using Asset Import Pipeline V2.
Refreshing native plugins compatible for Editor in 21.70 ms, found 2 plugins.
Preloading 0 native plugins for Editor in 0.00 ms.
Initialize engine version: 2020.3.16f1 (049d6eca3c44)
[Subsystems] Discovering subsystems at path C:/Program Files/Unity/Hub/Editor/2020.3.16f1/Editor/Data/Resources/UnitySubsystems
[Subsystems] Discovering subsystems at path C:/Users/vivienne.koh/repo/JungleJim/JungleJim/Assets
GfxDevice: creating device client; threaded=0
Direct3D:
    Version:  Direct3D 11.0 [level 11.1]
    Renderer: NVIDIA GeForce RTX 3060 (ID=0x2504)
    Vendor:   
    VRAM:     12143 MB
    Driver:   30.0.14.7168
Initialize mono
Mono path[0] = 'C:/Program Files/Unity/Hub/Editor/2020.3.16f1/Editor/Data/Managed'
Mono path[1] = 'C:/Program Files/Unity/Hub/Editor/2020.3.16f1/Editor/Data/MonoBleedingEdge/lib/mono/unityjit'
Mono config path = 'C:/Program Files/Unity/Hub/Editor/2020.3.16f1/Editor/Data/MonoBleedingEdge/etc'
Using monoOptions --debugger-agent=transport=dt_socket,embedding=1,server=y,suspend=n,address=127.0.0.1:56624
Begin MonoManager ReloadAssembly
Registering precompiled unity dll's ...
Register platform support module: C:/Program Files/Unity/Hub/Editor/2020.3.16f1/Editor/Data/PlaybackEngines/WebGLSupport/UnityEditor.WebGL.Extensions.dll
Register platform support module: C:/Program Files/Unity/Hub/Editor/2020.3.16f1/Editor/Data/PlaybackEngines/WindowsStandaloneSupport/UnityEditor.WindowsStandalone.Extensions.dll
Registered in 0.001471 seconds.
Native extension for WindowsStandalone target not found
Native extension for WebGL target not found
Refreshing native plugins compatible for Editor in 22.70 ms, found 2 plugins.
Preloading 0 native plugins for Editor in 0.00 ms.
Mono: successfully reloaded assembly
- Completed reload, in  1.730 seconds
Domain Reload Profiling:
	ReloadAssembly (1730ms)
		BeginReloadAssembly (40ms)
			ExecutionOrderSort (0ms)
			DisableScriptedObjects (0ms)
			BackupInstance (0ms)
			ReleaseScriptingObjects (0ms)
			CreateAndSetChildDomain (1ms)
		EndReloadAssembly (306ms)
			LoadAssemblies (39ms)
			RebuildTransferFunctionScriptingTraits (0ms)
			SetupTypeCache (98ms)
			ReleaseScriptCaches (0ms)
			RebuildScriptCaches (25ms)
			SetupLoadedEditorAssemblies (130ms)
				LogAssemblyErrors (0ms)
				InitializePlatformSupportModulesInManaged (4ms)
				SetLoadedEditorAssemblies (0ms)
				RefreshPlugins (23ms)
				BeforeProcessingInitializeOnLoad (13ms)
				ProcessInitializeOnLoadAttributes (67ms)
				ProcessInitializeOnLoadMethodAttributes (22ms)
				AfterProcessingInitializeOnLoad (0ms)
				EditorAssembliesLoaded (0ms)
			ExecutionOrderSort2 (0ms)
			AwakeInstancesAfterBackupRestoration (0ms)
Platform modules already initialized, skipping
Registering precompiled user dll's ...
Registered in 0.002567 seconds.
Begin MonoManager ReloadAssembly
Native extension for WindowsStandalone target not found
Native extension for WebGL target not found
Refreshing native plugins compatible for Editor in 0.22 ms, found 2 plugins.
Preloading 0 native plugins for Editor in 0.00 ms.
Mono: successfully reloaded assembly
- Completed reload, in  0.731 seconds
Domain Reload Profiling:
	ReloadAssembly (732ms)
		BeginReloadAssembly (99ms)
			ExecutionOrderSort (0ms)
			DisableScriptedObjects (3ms)
			BackupInstance (0ms)
			ReleaseScriptingObjects (0ms)
			CreateAndSetChildDomain (14ms)
		EndReloadAssembly (590ms)
			LoadAssemblies (59ms)
			RebuildTransferFunctionScriptingTraits (0ms)
			SetupTypeCache (173ms)
			ReleaseScriptCaches (0ms)
			RebuildScriptCaches (32ms)
			SetupLoadedEditorAssemblies (269ms)
				LogAssemblyErrors (0ms)
				InitializePlatformSupportModulesInManaged (4ms)
				SetLoadedEditorAssemblies (0ms)
				RefreshPlugins (0ms)
				BeforeProcessingInitializeOnLoad (60ms)
				ProcessInitializeOnLoadAttributes (197ms)
				ProcessInitializeOnLoadMethodAttributes (3ms)
				AfterProcessingInitializeOnLoad (4ms)
				EditorAssembliesLoaded (0ms)
			ExecutionOrderSort2 (0ms)
			AwakeInstancesAfterBackupRestoration (5ms)
Platform modules already initialized, skipping
========================================================================
Worker process is ready to serve import requests
Launched and connected shader compiler UnityShaderCompiler.exe after 0.04 seconds
Refreshing native plugins compatible for Editor in 0.24 ms, found 2 plugins.
Preloading 0 native plugins for Editor in 0.00 ms.
Unloading 1397 Unused Serialized files (Serialized files now loaded: 0)
System memory in use before: 64.8 MB.
System memory in use after: 64.9 MB.

Unloading 18 unused Assets to reduce memory usage. Loaded Objects now: 1830.
Total: 1.925700 ms (FindLiveObjects: 0.118000 ms CreateObjectMapping: 0.034000 ms MarkObjects: 1.719900 ms  DeleteObjects: 0.052700 ms)

AssetImportParameters requested are different than current active one (requested -> active):
  custom:framework-win-MediaFoundation: 216162199b28c13a410421893ffa2e32 -> 
  custom:video-decoder-ogg-theora: a1e56fd34408186e4bbccfd4996cb3dc -> 
  custom:container-muxer-webm: aa71ff27fc2769a1b78a27578f13a17b -> 
  custom:container-demuxer-webm: 4f35f7cbe854078d1ac9338744f61a02 -> 
  custom:container-demuxer-ogg: 62fdf1f143b41e24485cea50d1cbac27 -> 
  custom:video-encoder-webm-vp8: eb34c28f22e8b96e1ab97ce403110664 -> 
  custom:video-decoder-webm-vp8: 9c59270c3fd7afecdb556c50c9e8de78 -> 
  custom:audio-decoder-ogg-vorbis: bf7c407c2cedff20999df2af8eb42d56 -> 
  custom:audio-encoder-webm-vorbis: bf7c407c2cedff20999df2af8eb42d56 -> 
========================================================================
Received Import Request.
  path: Assets/Scenes
  artifactKey: Guid(29db2700e2da31649ade92088dea02d5) Importer(815301076,1909f56bfc062723c751e8b465ee728b)
Start importing Assets/Scenes using Guid(29db2700e2da31649ade92088dea02d5) Importer(815301076,1909f56bfc062723c751e8b465ee728b)  -> (artifact id: 'ac85a79bb01a847400df8d2b04c249fa') in 0.007535 seconds 
  Import took 0.009613 seconds .

========================================================================
Received Import Request.
  Time since last request: 0.456512 seconds.
  path: Assets/Scenes/SampleScene.unity
  artifactKey: Guid(9fc0d4010bbf28b4594072e72b8655ab) Importer(815301076,1909f56bfc062723c751e8b465ee728b)
Start importing Assets/Scenes/SampleScene.unity using Guid(9fc0d4010bbf28b4594072e72b8655ab) Importer(815301076,1909f56bfc062723c751e8b465ee728b)  -> (artifact id: '85059f4f9e1a832ed95adaa0d25c5c4c') in 0.011496 seconds 
  Import took 0.013669 seconds .

========================================================================
Received Import Request.
  Time since last request: 14.498140 seconds.
  path: Assets/Scenes/0_MainMenu.unity
  artifactKey: Guid(9fc0d4010bbf28b4594072e72b8655ab) Importer(815301076,1909f56bfc062723c751e8b465ee728b)
Start importing Assets/Scenes/0_MainMenu.unity using Guid(9fc0d4010bbf28b4594072e72b8655ab) Importer(815301076,1909f56bfc062723c751e8b465ee728b)  -> (artifact id: '1c396ddc87f91eff1d48098520a2183e') in 0.007466 seconds 
  Import took 0.009558 seconds .

========================================================================
Received Import Request.
  Time since last request: 0.000314 seconds.
  path: Assets/Scenes/0_MainMenu.unity
  artifactKey: Guid(9fc0d4010bbf28b4594072e72b8655ab) Importer(815301076,1909f56bfc062723c751e8b465ee728b)
Start importing Assets/Scenes/0_MainMenu.unity using Guid(9fc0d4010bbf28b4594072e72b8655ab) Importer(815301076,1909f56bfc062723c751e8b465ee728b)  -> (artifact id: '1c396ddc87f91eff1d48098520a2183e') in 0.001862 seconds 
  Import took 0.003866 seconds .

========================================================================
Received Import Request.
  Time since last request: 11.509365 seconds.
  path: Assets/Scenes/1_GameLevel.unity
  artifactKey: Guid(f431647648179744795b58bdfb79be20) Importer(815301076,1909f56bfc062723c751e8b465ee728b)
Start importing Assets/Scenes/1_GameLevel.unity using Guid(f431647648179744795b58bdfb79be20) Importer(815301076,1909f56bfc062723c751e8b465ee728b)  -> (artifact id: '1d263689bde6948f6102e8b5666c7de7') in 0.005826 seconds 
  Import took 0.007551 seconds .

========================================================================
Received Import Request.
  Time since last request: 0.005112 seconds.
  path: Assets/Scenes/1_GameLevel.unity
  artifactKey: Guid(f431647648179744795b58bdfb79be20) Importer(815301076,1909f56bfc062723c751e8b465ee728b)
Start importing Assets/Scenes/1_GameLevel.unity using Guid(f431647648179744795b58bdfb79be20) Importer(815301076,1909f56bfc062723c751e8b465ee728b)  -> (artifact id: '1d263689bde6948f6102e8b5666c7de7') in 0.001960 seconds 
  Import took 0.003661 seconds .

========================================================================
Received Import Request.
  Time since last request: 5.144042 seconds.
  path: Assets
  artifactKey: Guid(00000000000000001000000000000000) Importer(815301076,1909f56bfc062723c751e8b465ee728b)
Start importing Assets using Guid(00000000000000001000000000000000) Importer(815301076,1909f56bfc062723c751e8b465ee728b)  -> (artifact id: '42d402b061de3733987d63b9cc3b64de') in 0.004914 seconds 
  Import took 0.008348 seconds .

========================================================================
Received Import Request.
  Time since last request: 6.258843 seconds.
  path: Assets/Scripts
  artifactKey: Guid(9c093f882e7af1b4bb7ae0843725b40e) Importer(815301076,1909f56bfc062723c751e8b465ee728b)
Start importing Assets/Scripts using Guid(9c093f882e7af1b4bb7ae0843725b40e) Importer(815301076,1909f56bfc062723c751e8b465ee728b)  -> (artifact id: '37b0b7f640899ce000ca47a945ce904e') in 0.005338 seconds 
  Import took 0.007320 seconds .

========================================================================
Received Import Request.
  Time since last request: 0.002522 seconds.
  path: Assets/Scripts
  artifactKey: Guid(9c093f882e7af1b4bb7ae0843725b40e) Importer(815301076,1909f56bfc062723c751e8b465ee728b)
Start importing Assets/Scripts using Guid(9c093f882e7af1b4bb7ae0843725b40e) Importer(815301076,1909f56bfc062723c751e8b465ee728b)  -> (artifact id: '37b0b7f640899ce000ca47a945ce904e') in 0.001448 seconds 
  Import took 0.003025 seconds .

========================================================================
Received Import Request.
  Time since last request: 4.139872 seconds.
  path: Assets/Art
  artifactKey: Guid(87559ac1ca6634a459393c932177ff5f) Importer(815301076,1909f56bfc062723c751e8b465ee728b)
Start importing Assets/Art using Guid(87559ac1ca6634a459393c932177ff5f) Importer(815301076,1909f56bfc062723c751e8b465ee728b)  -> (artifact id: 'ef8a06b0635d8c5bd8f5024da213e054') in 0.005666 seconds 
  Import took 0.007691 seconds .

========================================================================
Received Import Request.
  Time since last request: 53.515516 seconds.
  path: Assets/Prefabs
  artifactKey: Guid(2fbb71affe80d9644be7cb6d6c8b089e) Importer(815301076,1909f56bfc062723c751e8b465ee728b)
Start importing Assets/Prefabs using Guid(2fbb71affe80d9644be7cb6d6c8b089e) Importer(815301076,1909f56bfc062723c751e8b465ee728b)  -> (artifact id: 'ab907edd01ef5128f8f5e49f6bab1e65') in 0.005663 seconds 
  Import took 0.008337 seconds .

========================================================================
Received Import Request.
  Time since last request: 7.657467 seconds.
  path: Assets/Art/Materials
  artifactKey: Guid(7400e4c05e9a515488ab2b63082bcdeb) Importer(815301076,1909f56bfc062723c751e8b465ee728b)
Start importing Assets/Art/Materials using Guid(7400e4c05e9a515488ab2b63082bcdeb) Importer(815301076,1909f56bfc062723c751e8b465ee728b)  -> (artifact id: '67be5b67a8c0cf10cdebf55c9f538d9e') in 0.005727 seconds 
  Import took 0.007601 seconds .

========================================================================
Received Import Request.
  Time since last request: 5.374425 seconds.
  path: Assets/Art/Sprites
  artifactKey: Guid(5dfffde7ed69cdd4b85e7e4fb03e8409) Importer(815301076,1909f56bfc062723c751e8b465ee728b)
Start importing Assets/Art/Sprites using Guid(5dfffde7ed69cdd4b85e7e4fb03e8409) Importer(815301076,1909f56bfc062723c751e8b465ee728b)  -> (artifact id: '6bd2444fe47f36634c76aa1125f2e133') in 0.006787 seconds 
  Import took 0.008922 seconds .

========================================================================
Received Import Request.
  Time since last request: 10.581837 seconds.
  path: Assets/Audio
  artifactKey: Guid(b9da77f731116a3478a71fd7624bc098) Importer(815301076,1909f56bfc062723c751e8b465ee728b)
Start importing Assets/Audio using Guid(b9da77f731116a3478a71fd7624bc098) Importer(815301076,1909f56bfc062723c751e8b465ee728b)  -> (artifact id: 'bae433e580d6004ecc0efb1f3fb0e7f6') in 0.006314 seconds 
  Import took 0.008051 seconds .

========================================================================
Received Import Request.
  Time since last request: 0.002158 seconds.
  path: Assets/Audio
  artifactKey: Guid(b9da77f731116a3478a71fd7624bc098) Importer(815301076,1909f56bfc062723c751e8b465ee728b)
Start importing Assets/Audio using Guid(b9da77f731116a3478a71fd7624bc098) Importer(815301076,1909f56bfc062723c751e8b465ee728b)  -> (artifact id: 'bae433e580d6004ecc0efb1f3fb0e7f6') in 0.001631 seconds 
  Import took 0.003866 seconds .

AssetImportWorkerClient::OnTransportError - code=2 error=End of file
